<?xml version="1.0" encoding="UTF-8"?>
<!-- Generated by org.testng.reporters.JUnitReportReporter -->
<testsuite hostname="LAPTOP-0BN6G3UL" failures="0" tests="1" name="bdd.APIFramework.AppTest" time="0.004" errors="0" timestamp="2022-01-02T06:59:51 EST" skipped="0">
  <testcase classname="bdd.APIFramework.AppTest" name="shouldAnswerWithTrue" time="0.004"/>
  <system-out/>
</testsuite> <!-- bdd.APIFramework.AppTest -->
